CRITICAL - 2025-03-01 16:40:14 --> Class "Kint\Renderer\Renderer" not found
#0 C:\xampp\htdocs\mikpos\system\Config\Config.php(83): CodeIgniter\Config\Config::createClass('Config\\Kint')
#1 C:\xampp\htdocs\mikpos\system\Common.php(126): CodeIgniter\Config\Config::get('Config\\Kint', true)
#2 C:\xampp\htdocs\mikpos\system\CodeIgniter.php(230): config('Config\\Kint')
#3 C:\xampp\htdocs\mikpos\system\CodeIgniter.php(193): CodeIgniter\CodeIgniter->initializeKint()
#4 C:\xampp\htdocs\mikpos\system\bootstrap.php(168): CodeIgniter\CodeIgniter->initialize()
#5 C:\xampp\htdocs\mikpos\public\index.php(36): require('C:\\xampp\\htdocs...')
#6 C:\xampp\htdocs\mikpos\vendor\codeigniter4\framework\system\rewrite.php(44): require_once('C:\\xampp\\htdocs...')
#7 {main}
CRITICAL - 2025-03-01 16:40:14 --> Class "Kint\Renderer\Renderer" not found
#0 C:\xampp\htdocs\mikpos\system\Config\Config.php(83): CodeIgniter\Config\Config::createClass('Config\\Kint')
#1 C:\xampp\htdocs\mikpos\system\Common.php(126): CodeIgniter\Config\Config::get('Config\\Kint', true)
#2 C:\xampp\htdocs\mikpos\system\CodeIgniter.php(230): config('Config\\Kint')
#3 C:\xampp\htdocs\mikpos\system\CodeIgniter.php(193): CodeIgniter\CodeIgniter->initializeKint()
#4 C:\xampp\htdocs\mikpos\system\bootstrap.php(168): CodeIgniter\CodeIgniter->initialize()
#5 C:\xampp\htdocs\mikpos\public\index.php(36): require('C:\\xampp\\htdocs...')
#6 C:\xampp\htdocs\mikpos\vendor\codeigniter4\framework\system\rewrite.php(44): require_once('C:\\xampp\\htdocs...')
#7 {main}
CRITICAL - 2025-03-01 16:40:58 --> Class "Kint\Renderer\Renderer" not found
#0 C:\xampp\htdocs\mikpos\system\Config\Config.php(83): CodeIgniter\Config\Config::createClass('Config\\Kint')
#1 C:\xampp\htdocs\mikpos\system\Common.php(126): CodeIgniter\Config\Config::get('Config\\Kint', true)
#2 C:\xampp\htdocs\mikpos\system\CodeIgniter.php(230): config('Config\\Kint')
#3 C:\xampp\htdocs\mikpos\system\CodeIgniter.php(193): CodeIgniter\CodeIgniter->initializeKint()
#4 C:\xampp\htdocs\mikpos\system\bootstrap.php(168): CodeIgniter\CodeIgniter->initialize()
#5 C:\xampp\htdocs\mikpos\public\index.php(36): require('C:\\xampp\\htdocs...')
#6 C:\xampp\htdocs\mikpos\vendor\codeigniter4\framework\system\rewrite.php(44): require_once('C:\\xampp\\htdocs...')
#7 {main}
CRITICAL - 2025-03-01 16:40:58 --> Uncaught Error: Call to undefined method CodeIgniter\HTTP\IncomingRequest::getUri() in C:\xampp\htdocs\mikpos\app\Views\errors\html\error_exception.php:205
Stack trace:
#0 C:\xampp\htdocs\mikpos\system\Debug\Exceptions.php(298): include()
#1 C:\xampp\htdocs\mikpos\system\Debug\Exceptions.php(171): CodeIgniter\Debug\Exceptions->render(Object(Error), 500)
#2 [internal function]: CodeIgniter\Debug\Exceptions->exceptionHandler(Object(Error))
#3 {main}
  thrown
#0 [internal function]: CodeIgniter\Debug\Exceptions->shutdownHandler()
#1 {main}
CRITICAL - 2025-03-01 16:40:58 --> Class "Kint\Renderer\Renderer" not found
#0 C:\xampp\htdocs\mikpos\system\Config\Config.php(83): CodeIgniter\Config\Config::createClass('Config\\Kint')
#1 C:\xampp\htdocs\mikpos\system\Common.php(126): CodeIgniter\Config\Config::get('Config\\Kint', true)
#2 C:\xampp\htdocs\mikpos\system\CodeIgniter.php(230): config('Config\\Kint')
#3 C:\xampp\htdocs\mikpos\system\CodeIgniter.php(193): CodeIgniter\CodeIgniter->initializeKint()
#4 C:\xampp\htdocs\mikpos\system\bootstrap.php(168): CodeIgniter\CodeIgniter->initialize()
#5 C:\xampp\htdocs\mikpos\public\index.php(36): require('C:\\xampp\\htdocs...')
#6 C:\xampp\htdocs\mikpos\vendor\codeigniter4\framework\system\rewrite.php(44): require_once('C:\\xampp\\htdocs...')
#7 {main}
CRITICAL - 2025-03-01 16:51:06 --> Class "Kint\Renderer\Renderer" not found
#0 C:\xampp\htdocs\mikpos\system\Config\Config.php(83): CodeIgniter\Config\Config::createClass('Config\\Kint')
#1 C:\xampp\htdocs\mikpos\system\Common.php(126): CodeIgniter\Config\Config::get('Config\\Kint', true)
#2 C:\xampp\htdocs\mikpos\system\CodeIgniter.php(230): config('Config\\Kint')
#3 C:\xampp\htdocs\mikpos\system\CodeIgniter.php(193): CodeIgniter\CodeIgniter->initializeKint()
#4 C:\xampp\htdocs\mikpos\system\bootstrap.php(168): CodeIgniter\CodeIgniter->initialize()
#5 C:\xampp\htdocs\mikpos\public\index.php(36): require('C:\\xampp\\htdocs...')
#6 C:\xampp\htdocs\mikpos\vendor\codeigniter4\framework\system\rewrite.php(45): require_once('C:\\xampp\\htdocs...')
#7 {main}
CRITICAL - 2025-03-01 16:51:06 --> Uncaught Error: Call to undefined method CodeIgniter\HTTP\IncomingRequest::getUri() in C:\xampp\htdocs\mikpos\app\Views\errors\html\error_exception.php:205
Stack trace:
#0 C:\xampp\htdocs\mikpos\system\Debug\Exceptions.php(298): include()
#1 C:\xampp\htdocs\mikpos\system\Debug\Exceptions.php(171): CodeIgniter\Debug\Exceptions->render(Object(Error), 500)
#2 [internal function]: CodeIgniter\Debug\Exceptions->exceptionHandler(Object(Error))
#3 {main}
  thrown
#0 [internal function]: CodeIgniter\Debug\Exceptions->shutdownHandler()
#1 {main}
CRITICAL - 2025-03-01 16:51:06 --> Class "Kint\Renderer\Renderer" not found
#0 C:\xampp\htdocs\mikpos\system\Config\Config.php(83): CodeIgniter\Config\Config::createClass('Config\\Kint')
#1 C:\xampp\htdocs\mikpos\system\Common.php(126): CodeIgniter\Config\Config::get('Config\\Kint', true)
#2 C:\xampp\htdocs\mikpos\system\CodeIgniter.php(230): config('Config\\Kint')
#3 C:\xampp\htdocs\mikpos\system\CodeIgniter.php(193): CodeIgniter\CodeIgniter->initializeKint()
#4 C:\xampp\htdocs\mikpos\system\bootstrap.php(168): CodeIgniter\CodeIgniter->initialize()
#5 C:\xampp\htdocs\mikpos\public\index.php(36): require('C:\\xampp\\htdocs...')
#6 C:\xampp\htdocs\mikpos\vendor\codeigniter4\framework\system\rewrite.php(45): require_once('C:\\xampp\\htdocs...')
#7 {main}
CRITICAL - 2025-03-01 16:51:07 --> Class "Kint\Renderer\Renderer" not found
#0 C:\xampp\htdocs\mikpos\system\Config\Config.php(83): CodeIgniter\Config\Config::createClass('Config\\Kint')
#1 C:\xampp\htdocs\mikpos\system\Common.php(126): CodeIgniter\Config\Config::get('Config\\Kint', true)
#2 C:\xampp\htdocs\mikpos\system\CodeIgniter.php(230): config('Config\\Kint')
#3 C:\xampp\htdocs\mikpos\system\CodeIgniter.php(193): CodeIgniter\CodeIgniter->initializeKint()
#4 C:\xampp\htdocs\mikpos\system\bootstrap.php(168): CodeIgniter\CodeIgniter->initialize()
#5 C:\xampp\htdocs\mikpos\public\index.php(36): require('C:\\xampp\\htdocs...')
#6 C:\xampp\htdocs\mikpos\vendor\codeigniter4\framework\system\rewrite.php(45): require_once('C:\\xampp\\htdocs...')
#7 {main}
CRITICAL - 2025-03-01 16:51:07 --> Uncaught Error: Call to undefined method CodeIgniter\HTTP\IncomingRequest::getUri() in C:\xampp\htdocs\mikpos\app\Views\errors\html\error_exception.php:205
Stack trace:
#0 C:\xampp\htdocs\mikpos\system\Debug\Exceptions.php(298): include()
#1 C:\xampp\htdocs\mikpos\system\Debug\Exceptions.php(171): CodeIgniter\Debug\Exceptions->render(Object(Error), 500)
#2 [internal function]: CodeIgniter\Debug\Exceptions->exceptionHandler(Object(Error))
#3 {main}
  thrown
#0 [internal function]: CodeIgniter\Debug\Exceptions->shutdownHandler()
#1 {main}
CRITICAL - 2025-03-01 16:51:07 --> Class "Kint\Renderer\Renderer" not found
#0 C:\xampp\htdocs\mikpos\system\Config\Config.php(83): CodeIgniter\Config\Config::createClass('Config\\Kint')
#1 C:\xampp\htdocs\mikpos\system\Common.php(126): CodeIgniter\Config\Config::get('Config\\Kint', true)
#2 C:\xampp\htdocs\mikpos\system\CodeIgniter.php(230): config('Config\\Kint')
#3 C:\xampp\htdocs\mikpos\system\CodeIgniter.php(193): CodeIgniter\CodeIgniter->initializeKint()
#4 C:\xampp\htdocs\mikpos\system\bootstrap.php(168): CodeIgniter\CodeIgniter->initialize()
#5 C:\xampp\htdocs\mikpos\public\index.php(36): require('C:\\xampp\\htdocs...')
#6 C:\xampp\htdocs\mikpos\vendor\codeigniter4\framework\system\rewrite.php(45): require_once('C:\\xampp\\htdocs...')
#7 {main}
CRITICAL - 2025-03-01 16:53:24 --> Class "Kint\Renderer\Renderer" not found
#0 C:\xampp\htdocs\mikpos\system\Config\Config.php(83): CodeIgniter\Config\Config::createClass('Config\\Kint')
#1 C:\xampp\htdocs\mikpos\system\Common.php(126): CodeIgniter\Config\Config::get('Config\\Kint', true)
#2 C:\xampp\htdocs\mikpos\system\CodeIgniter.php(230): config('Config\\Kint')
#3 C:\xampp\htdocs\mikpos\system\CodeIgniter.php(193): CodeIgniter\CodeIgniter->initializeKint()
#4 C:\xampp\htdocs\mikpos\system\bootstrap.php(168): CodeIgniter\CodeIgniter->initialize()
#5 C:\xampp\htdocs\mikpos\public\index.php(36): require('C:\\xampp\\htdocs...')
#6 C:\xampp\htdocs\mikpos\vendor\codeigniter4\framework\system\rewrite.php(45): require_once('C:\\xampp\\htdocs...')
#7 {main}
CRITICAL - 2025-03-01 16:53:24 --> Uncaught Error: Call to undefined method CodeIgniter\HTTP\IncomingRequest::getUri() in C:\xampp\htdocs\mikpos\app\Views\errors\html\error_exception.php:205
Stack trace:
#0 C:\xampp\htdocs\mikpos\system\Debug\Exceptions.php(298): include()
#1 C:\xampp\htdocs\mikpos\system\Debug\Exceptions.php(171): CodeIgniter\Debug\Exceptions->render(Object(Error), 500)
#2 [internal function]: CodeIgniter\Debug\Exceptions->exceptionHandler(Object(Error))
#3 {main}
  thrown
#0 [internal function]: CodeIgniter\Debug\Exceptions->shutdownHandler()
#1 {main}
CRITICAL - 2025-03-01 16:53:25 --> Class "Kint\Renderer\Renderer" not found
#0 C:\xampp\htdocs\mikpos\system\Config\Config.php(83): CodeIgniter\Config\Config::createClass('Config\\Kint')
#1 C:\xampp\htdocs\mikpos\system\Common.php(126): CodeIgniter\Config\Config::get('Config\\Kint', true)
#2 C:\xampp\htdocs\mikpos\system\CodeIgniter.php(230): config('Config\\Kint')
#3 C:\xampp\htdocs\mikpos\system\CodeIgniter.php(193): CodeIgniter\CodeIgniter->initializeKint()
#4 C:\xampp\htdocs\mikpos\system\bootstrap.php(168): CodeIgniter\CodeIgniter->initialize()
#5 C:\xampp\htdocs\mikpos\public\index.php(36): require('C:\\xampp\\htdocs...')
#6 C:\xampp\htdocs\mikpos\vendor\codeigniter4\framework\system\rewrite.php(45): require_once('C:\\xampp\\htdocs...')
#7 {main}
CRITICAL - 2025-03-01 16:53:25 --> Class "Kint\Renderer\Renderer" not found
#0 C:\xampp\htdocs\mikpos\system\Config\Config.php(83): CodeIgniter\Config\Config::createClass('Config\\Kint')
#1 C:\xampp\htdocs\mikpos\system\Common.php(126): CodeIgniter\Config\Config::get('Config\\Kint', true)
#2 C:\xampp\htdocs\mikpos\system\CodeIgniter.php(230): config('Config\\Kint')
#3 C:\xampp\htdocs\mikpos\system\CodeIgniter.php(193): CodeIgniter\CodeIgniter->initializeKint()
#4 C:\xampp\htdocs\mikpos\system\bootstrap.php(168): CodeIgniter\CodeIgniter->initialize()
#5 C:\xampp\htdocs\mikpos\public\index.php(36): require('C:\\xampp\\htdocs...')
#6 C:\xampp\htdocs\mikpos\vendor\codeigniter4\framework\system\rewrite.php(45): require_once('C:\\xampp\\htdocs...')
#7 {main}
CRITICAL - 2025-03-01 16:53:25 --> Uncaught Error: Call to undefined method CodeIgniter\HTTP\IncomingRequest::getUri() in C:\xampp\htdocs\mikpos\app\Views\errors\html\error_exception.php:205
Stack trace:
#0 C:\xampp\htdocs\mikpos\system\Debug\Exceptions.php(298): include()
#1 C:\xampp\htdocs\mikpos\system\Debug\Exceptions.php(171): CodeIgniter\Debug\Exceptions->render(Object(Error), 500)
#2 [internal function]: CodeIgniter\Debug\Exceptions->exceptionHandler(Object(Error))
#3 {main}
  thrown
#0 [internal function]: CodeIgniter\Debug\Exceptions->shutdownHandler()
#1 {main}
CRITICAL - 2025-03-01 16:53:25 --> Class "Kint\Renderer\Renderer" not found
#0 C:\xampp\htdocs\mikpos\system\Config\Config.php(83): CodeIgniter\Config\Config::createClass('Config\\Kint')
#1 C:\xampp\htdocs\mikpos\system\Common.php(126): CodeIgniter\Config\Config::get('Config\\Kint', true)
#2 C:\xampp\htdocs\mikpos\system\CodeIgniter.php(230): config('Config\\Kint')
#3 C:\xampp\htdocs\mikpos\system\CodeIgniter.php(193): CodeIgniter\CodeIgniter->initializeKint()
#4 C:\xampp\htdocs\mikpos\system\bootstrap.php(168): CodeIgniter\CodeIgniter->initialize()
#5 C:\xampp\htdocs\mikpos\public\index.php(36): require('C:\\xampp\\htdocs...')
#6 C:\xampp\htdocs\mikpos\vendor\codeigniter4\framework\system\rewrite.php(45): require_once('C:\\xampp\\htdocs...')
#7 {main}
CRITICAL - 2025-03-01 16:53:25 --> Uncaught Error: Call to undefined method CodeIgniter\HTTP\IncomingRequest::getUri() in C:\xampp\htdocs\mikpos\app\Views\errors\html\error_exception.php:205
Stack trace:
#0 C:\xampp\htdocs\mikpos\system\Debug\Exceptions.php(298): include()
#1 C:\xampp\htdocs\mikpos\system\Debug\Exceptions.php(171): CodeIgniter\Debug\Exceptions->render(Object(Error), 500)
#2 [internal function]: CodeIgniter\Debug\Exceptions->exceptionHandler(Object(Error))
#3 {main}
  thrown
#0 [internal function]: CodeIgniter\Debug\Exceptions->shutdownHandler()
#1 {main}
CRITICAL - 2025-03-01 16:53:25 --> Class "Kint\Renderer\Renderer" not found
#0 C:\xampp\htdocs\mikpos\system\Config\Config.php(83): CodeIgniter\Config\Config::createClass('Config\\Kint')
#1 C:\xampp\htdocs\mikpos\system\Common.php(126): CodeIgniter\Config\Config::get('Config\\Kint', true)
#2 C:\xampp\htdocs\mikpos\system\CodeIgniter.php(230): config('Config\\Kint')
#3 C:\xampp\htdocs\mikpos\system\CodeIgniter.php(193): CodeIgniter\CodeIgniter->initializeKint()
#4 C:\xampp\htdocs\mikpos\system\bootstrap.php(168): CodeIgniter\CodeIgniter->initialize()
#5 C:\xampp\htdocs\mikpos\public\index.php(36): require('C:\\xampp\\htdocs...')
#6 C:\xampp\htdocs\mikpos\vendor\codeigniter4\framework\system\rewrite.php(45): require_once('C:\\xampp\\htdocs...')
#7 {main}
CRITICAL - 2025-03-01 16:53:25 --> Uncaught Error: Call to undefined method CodeIgniter\HTTP\IncomingRequest::getUri() in C:\xampp\htdocs\mikpos\app\Views\errors\html\error_exception.php:205
Stack trace:
#0 C:\xampp\htdocs\mikpos\system\Debug\Exceptions.php(298): include()
#1 C:\xampp\htdocs\mikpos\system\Debug\Exceptions.php(171): CodeIgniter\Debug\Exceptions->render(Object(Error), 500)
#2 [internal function]: CodeIgniter\Debug\Exceptions->exceptionHandler(Object(Error))
#3 {main}
  thrown
#0 [internal function]: CodeIgniter\Debug\Exceptions->shutdownHandler()
#1 {main}
CRITICAL - 2025-03-01 16:53:26 --> Class "Kint\Renderer\Renderer" not found
#0 C:\xampp\htdocs\mikpos\system\Config\Config.php(83): CodeIgniter\Config\Config::createClass('Config\\Kint')
#1 C:\xampp\htdocs\mikpos\system\Common.php(126): CodeIgniter\Config\Config::get('Config\\Kint', true)
#2 C:\xampp\htdocs\mikpos\system\CodeIgniter.php(230): config('Config\\Kint')
#3 C:\xampp\htdocs\mikpos\system\CodeIgniter.php(193): CodeIgniter\CodeIgniter->initializeKint()
#4 C:\xampp\htdocs\mikpos\system\bootstrap.php(168): CodeIgniter\CodeIgniter->initialize()
#5 C:\xampp\htdocs\mikpos\public\index.php(36): require('C:\\xampp\\htdocs...')
#6 C:\xampp\htdocs\mikpos\vendor\codeigniter4\framework\system\rewrite.php(45): require_once('C:\\xampp\\htdocs...')
#7 {main}
CRITICAL - 2025-03-01 17:03:55 --> filter_var(): Passing null to parameter #3 ($options) of type array|int is deprecated
#0 [internal function]: CodeIgniter\Debug\Exceptions->errorHandler(8192, 'filter_var(): P...', 'C:\\xampp\\htdocs...', 429)
#1 C:\xampp\htdocs\mikpos\system\HTTP\Request.php(429): filter_var(2, 519, NULL)
#2 C:\xampp\htdocs\mikpos\system\HTTP\Request.php(297): CodeIgniter\HTTP\Request->fetchGlobal('server', 'argc', 519, NULL)
#3 C:\xampp\htdocs\mikpos\system\HTTP\CLIRequest.php(218): CodeIgniter\HTTP\Request->getServer('argc', 519)
#4 C:\xampp\htdocs\mikpos\system\HTTP\CLIRequest.php(96): CodeIgniter\HTTP\CLIRequest->parseCommand()
#5 C:\xampp\htdocs\mikpos\system\Config\Services.php(149): CodeIgniter\HTTP\CLIRequest->__construct(Object(Config\App))
#6 C:\xampp\htdocs\mikpos\system\Config\BaseService.php(123): CodeIgniter\Config\Services::clirequest(Object(Config\App), false)
#7 C:\xampp\htdocs\mikpos\system\Config\Services.php(141): CodeIgniter\Config\BaseService::getSharedInstance('clirequest', Object(Config\App))
#8 C:\xampp\htdocs\mikpos\system\CodeIgniter.php(555): CodeIgniter\Config\Services::clirequest(Object(Config\App))
#9 C:\xampp\htdocs\mikpos\system\CodeIgniter.php(280): CodeIgniter\CodeIgniter->getRequestObject()
#10 C:\xampp\htdocs\mikpos\system\CLI\Console.php(86): CodeIgniter\CodeIgniter->run()
#11 C:\xampp\htdocs\mikpos\spark(57): CodeIgniter\CLI\Console->run()
#12 {main}
CRITICAL - 2025-03-01 17:22:07 --> filter_var(): Passing null to parameter #3 ($options) of type array|int is deprecated
#0 [internal function]: CodeIgniter\Debug\Exceptions->errorHandler(8192, 'filter_var(): P...', 'C:\\xampp\\htdocs...', 429)
#1 C:\xampp\htdocs\mikpos\system\HTTP\Request.php(429): filter_var(2, 519, NULL)
#2 C:\xampp\htdocs\mikpos\system\HTTP\Request.php(297): CodeIgniter\HTTP\Request->fetchGlobal('server', 'argc', 519, NULL)
#3 C:\xampp\htdocs\mikpos\system\HTTP\CLIRequest.php(218): CodeIgniter\HTTP\Request->getServer('argc', 519)
#4 C:\xampp\htdocs\mikpos\system\HTTP\CLIRequest.php(96): CodeIgniter\HTTP\CLIRequest->parseCommand()
#5 C:\xampp\htdocs\mikpos\system\Config\Services.php(149): CodeIgniter\HTTP\CLIRequest->__construct(Object(Config\App))
#6 C:\xampp\htdocs\mikpos\system\Config\BaseService.php(123): CodeIgniter\Config\Services::clirequest(Object(Config\App), false)
#7 C:\xampp\htdocs\mikpos\system\Config\Services.php(141): CodeIgniter\Config\BaseService::getSharedInstance('clirequest', Object(Config\App))
#8 C:\xampp\htdocs\mikpos\system\CodeIgniter.php(555): CodeIgniter\Config\Services::clirequest(Object(Config\App))
#9 C:\xampp\htdocs\mikpos\system\CodeIgniter.php(280): CodeIgniter\CodeIgniter->getRequestObject()
#10 C:\xampp\htdocs\mikpos\system\CLI\Console.php(86): CodeIgniter\CodeIgniter->run()
#11 C:\xampp\htdocs\mikpos\spark(57): CodeIgniter\CLI\Console->run()
#12 {main}
CRITICAL - 2025-03-01 17:22:40 --> filter_var(): Passing null to parameter #3 ($options) of type array|int is deprecated
#0 [internal function]: CodeIgniter\Debug\Exceptions->errorHandler(8192, 'filter_var(): P...', 'C:\\xampp\\htdocs...', 429)
#1 C:\xampp\htdocs\mikpos\system\HTTP\Request.php(429): filter_var(2, 519, NULL)
#2 C:\xampp\htdocs\mikpos\system\HTTP\Request.php(297): CodeIgniter\HTTP\Request->fetchGlobal('server', 'argc', 519, NULL)
#3 C:\xampp\htdocs\mikpos\system\HTTP\CLIRequest.php(218): CodeIgniter\HTTP\Request->getServer('argc', 519)
#4 C:\xampp\htdocs\mikpos\system\HTTP\CLIRequest.php(96): CodeIgniter\HTTP\CLIRequest->parseCommand()
#5 C:\xampp\htdocs\mikpos\system\Config\Services.php(149): CodeIgniter\HTTP\CLIRequest->__construct(Object(Config\App))
#6 C:\xampp\htdocs\mikpos\system\Config\BaseService.php(123): CodeIgniter\Config\Services::clirequest(Object(Config\App), false)
#7 C:\xampp\htdocs\mikpos\system\Config\Services.php(141): CodeIgniter\Config\BaseService::getSharedInstance('clirequest', Object(Config\App))
#8 C:\xampp\htdocs\mikpos\system\CodeIgniter.php(555): CodeIgniter\Config\Services::clirequest(Object(Config\App))
#9 C:\xampp\htdocs\mikpos\system\CodeIgniter.php(280): CodeIgniter\CodeIgniter->getRequestObject()
#10 C:\xampp\htdocs\mikpos\system\CLI\Console.php(86): CodeIgniter\CodeIgniter->run()
#11 C:\xampp\htdocs\mikpos\spark(57): CodeIgniter\CLI\Console->run()
#12 {main}
CRITICAL - 2025-03-01 17:23:41 --> filter_var(): Passing null to parameter #3 ($options) of type array|int is deprecated
#0 [internal function]: CodeIgniter\Debug\Exceptions->errorHandler(8192, 'filter_var(): P...', 'C:\\xampp\\htdocs...', 429)
#1 C:\xampp\htdocs\mikpos\system\HTTP\Request.php(429): filter_var(2, 519, NULL)
#2 C:\xampp\htdocs\mikpos\system\HTTP\Request.php(297): CodeIgniter\HTTP\Request->fetchGlobal('server', 'argc', 519, NULL)
#3 C:\xampp\htdocs\mikpos\system\HTTP\CLIRequest.php(218): CodeIgniter\HTTP\Request->getServer('argc', 519)
#4 C:\xampp\htdocs\mikpos\system\HTTP\CLIRequest.php(96): CodeIgniter\HTTP\CLIRequest->parseCommand()
#5 C:\xampp\htdocs\mikpos\system\Config\Services.php(149): CodeIgniter\HTTP\CLIRequest->__construct(Object(Config\App))
#6 C:\xampp\htdocs\mikpos\system\Config\BaseService.php(123): CodeIgniter\Config\Services::clirequest(Object(Config\App), false)
#7 C:\xampp\htdocs\mikpos\system\Config\Services.php(141): CodeIgniter\Config\BaseService::getSharedInstance('clirequest', Object(Config\App))
#8 C:\xampp\htdocs\mikpos\system\CodeIgniter.php(555): CodeIgniter\Config\Services::clirequest(Object(Config\App))
#9 C:\xampp\htdocs\mikpos\system\CodeIgniter.php(280): CodeIgniter\CodeIgniter->getRequestObject()
#10 C:\xampp\htdocs\mikpos\system\CLI\Console.php(86): CodeIgniter\CodeIgniter->run()
#11 C:\xampp\htdocs\mikpos\spark(57): CodeIgniter\CLI\Console->run()
#12 {main}
CRITICAL - 2025-03-01 17:23:45 --> filter_var(): Passing null to parameter #3 ($options) of type array|int is deprecated
#0 [internal function]: CodeIgniter\Debug\Exceptions->errorHandler(8192, 'filter_var(): P...', 'C:\\xampp\\htdocs...', 429)
#1 C:\xampp\htdocs\mikpos\system\HTTP\Request.php(429): filter_var(2, 519, NULL)
#2 C:\xampp\htdocs\mikpos\system\HTTP\Request.php(297): CodeIgniter\HTTP\Request->fetchGlobal('server', 'argc', 519, NULL)
#3 C:\xampp\htdocs\mikpos\system\HTTP\CLIRequest.php(218): CodeIgniter\HTTP\Request->getServer('argc', 519)
#4 C:\xampp\htdocs\mikpos\system\HTTP\CLIRequest.php(96): CodeIgniter\HTTP\CLIRequest->parseCommand()
#5 C:\xampp\htdocs\mikpos\system\Config\Services.php(149): CodeIgniter\HTTP\CLIRequest->__construct(Object(Config\App))
#6 C:\xampp\htdocs\mikpos\system\Config\BaseService.php(123): CodeIgniter\Config\Services::clirequest(Object(Config\App), false)
#7 C:\xampp\htdocs\mikpos\system\Config\Services.php(141): CodeIgniter\Config\BaseService::getSharedInstance('clirequest', Object(Config\App))
#8 C:\xampp\htdocs\mikpos\system\CodeIgniter.php(555): CodeIgniter\Config\Services::clirequest(Object(Config\App))
#9 C:\xampp\htdocs\mikpos\system\CodeIgniter.php(280): CodeIgniter\CodeIgniter->getRequestObject()
#10 C:\xampp\htdocs\mikpos\system\CLI\Console.php(86): CodeIgniter\CodeIgniter->run()
#11 C:\xampp\htdocs\mikpos\spark(57): CodeIgniter\CLI\Console->run()
#12 {main}
CRITICAL - 2025-03-01 17:38:39 --> filter_var(): Passing null to parameter #3 ($options) of type array|int is deprecated
#0 [internal function]: CodeIgniter\Debug\Exceptions->errorHandler(8192, 'filter_var(): P...', 'C:\\xampp\\htdocs...', 429)
#1 C:\xampp\htdocs\mikpos\system\HTTP\Request.php(429): filter_var(2, 519, NULL)
#2 C:\xampp\htdocs\mikpos\system\HTTP\Request.php(297): CodeIgniter\HTTP\Request->fetchGlobal('server', 'argc', 519, NULL)
#3 C:\xampp\htdocs\mikpos\system\HTTP\CLIRequest.php(218): CodeIgniter\HTTP\Request->getServer('argc', 519)
#4 C:\xampp\htdocs\mikpos\system\HTTP\CLIRequest.php(96): CodeIgniter\HTTP\CLIRequest->parseCommand()
#5 C:\xampp\htdocs\mikpos\system\Config\Services.php(149): CodeIgniter\HTTP\CLIRequest->__construct(Object(Config\App))
#6 C:\xampp\htdocs\mikpos\system\Config\BaseService.php(123): CodeIgniter\Config\Services::clirequest(Object(Config\App), false)
#7 C:\xampp\htdocs\mikpos\system\Config\Services.php(141): CodeIgniter\Config\BaseService::getSharedInstance('clirequest', Object(Config\App))
#8 C:\xampp\htdocs\mikpos\system\CodeIgniter.php(555): CodeIgniter\Config\Services::clirequest(Object(Config\App))
#9 C:\xampp\htdocs\mikpos\system\CodeIgniter.php(280): CodeIgniter\CodeIgniter->getRequestObject()
#10 C:\xampp\htdocs\mikpos\system\CLI\Console.php(86): CodeIgniter\CodeIgniter->run()
#11 C:\xampp\htdocs\mikpos\spark(57): CodeIgniter\CLI\Console->run()
#12 {main}
CRITICAL - 2025-03-01 17:42:19 --> filter_var(): Passing null to parameter #3 ($options) of type array|int is deprecated
#0 [internal function]: CodeIgniter\Debug\Exceptions->errorHandler(8192, 'filter_var(): P...', 'C:\\xampp\\htdocs...', 429)
#1 C:\xampp\htdocs\mikpos\system\HTTP\Request.php(429): filter_var(2, 519, NULL)
#2 C:\xampp\htdocs\mikpos\system\HTTP\Request.php(297): CodeIgniter\HTTP\Request->fetchGlobal('server', 'argc', 519, NULL)
#3 C:\xampp\htdocs\mikpos\system\HTTP\CLIRequest.php(218): CodeIgniter\HTTP\Request->getServer('argc', 519)
#4 C:\xampp\htdocs\mikpos\system\HTTP\CLIRequest.php(96): CodeIgniter\HTTP\CLIRequest->parseCommand()
#5 C:\xampp\htdocs\mikpos\system\Config\Services.php(149): CodeIgniter\HTTP\CLIRequest->__construct(Object(Config\App))
#6 C:\xampp\htdocs\mikpos\system\Config\BaseService.php(123): CodeIgniter\Config\Services::clirequest(Object(Config\App), false)
#7 C:\xampp\htdocs\mikpos\system\Config\Services.php(141): CodeIgniter\Config\BaseService::getSharedInstance('clirequest', Object(Config\App))
#8 C:\xampp\htdocs\mikpos\system\CodeIgniter.php(555): CodeIgniter\Config\Services::clirequest(Object(Config\App))
#9 C:\xampp\htdocs\mikpos\system\CodeIgniter.php(280): CodeIgniter\CodeIgniter->getRequestObject()
#10 C:\xampp\htdocs\mikpos\system\CLI\Console.php(86): CodeIgniter\CodeIgniter->run()
#11 C:\xampp\htdocs\mikpos\spark(57): CodeIgniter\CLI\Console->run()
#12 {main}
CRITICAL - 2025-03-01 17:52:06 --> filter_var(): Passing null to parameter #3 ($options) of type array|int is deprecated
#0 [internal function]: CodeIgniter\Debug\Exceptions->errorHandler(8192, 'filter_var(): P...', 'C:\\xampp\\htdocs...', 432)
#1 C:\xampp\htdocs\mikpos\system\HTTP\Request.php(432): filter_var(2, 519, NULL)
#2 C:\xampp\htdocs\mikpos\system\HTTP\Request.php(300): CodeIgniter\HTTP\Request->fetchGlobal('server', 'argc', 519, NULL)
#3 C:\xampp\htdocs\mikpos\system\HTTP\CLIRequest.php(218): CodeIgniter\HTTP\Request->getServer('argc', 519)
#4 C:\xampp\htdocs\mikpos\system\HTTP\CLIRequest.php(96): CodeIgniter\HTTP\CLIRequest->parseCommand()
#5 C:\xampp\htdocs\mikpos\system\Config\Services.php(149): CodeIgniter\HTTP\CLIRequest->__construct(Object(Config\App))
#6 C:\xampp\htdocs\mikpos\system\Config\BaseService.php(123): CodeIgniter\Config\Services::clirequest(Object(Config\App), false)
#7 C:\xampp\htdocs\mikpos\system\Config\Services.php(141): CodeIgniter\Config\BaseService::getSharedInstance('clirequest', Object(Config\App))
#8 C:\xampp\htdocs\mikpos\system\CodeIgniter.php(555): CodeIgniter\Config\Services::clirequest(Object(Config\App))
#9 C:\xampp\htdocs\mikpos\system\CodeIgniter.php(280): CodeIgniter\CodeIgniter->getRequestObject()
#10 C:\xampp\htdocs\mikpos\system\CLI\Console.php(86): CodeIgniter\CodeIgniter->run()
#11 C:\xampp\htdocs\mikpos\spark(57): CodeIgniter\CLI\Console->run()
#12 {main}
CRITICAL - 2025-03-01 17:55:32 --> syntax error, unexpected token "public", expecting end of file
#0 C:\xampp\htdocs\mikpos\system\Router\Router.php(192): CodeIgniter\Router\Router->autoRoute('/base/dashboard...')
#1 C:\xampp\htdocs\mikpos\system\CodeIgniter.php(785): CodeIgniter\Router\Router->handle('/base/dashboard...')
#2 C:\xampp\htdocs\mikpos\system\CodeIgniter.php(358): CodeIgniter\CodeIgniter->tryToRouteIt(Object(CodeIgniter\Router\RouteCollection))
#3 C:\xampp\htdocs\mikpos\system\CodeIgniter.php(306): CodeIgniter\CodeIgniter->handleRequest(NULL, Object(Config\Cache), false)
#4 C:\xampp\htdocs\mikpos\public\index.php(45): CodeIgniter\CodeIgniter->run()
#5 {main}
CRITICAL - 2025-03-01 18:06:59 --> filter_var(): Passing null to parameter #3 ($options) of type array|int is deprecated
#0 [internal function]: CodeIgniter\Debug\Exceptions->errorHandler(8192, 'filter_var(): P...', 'C:\\xampp\\htdocs...', 430)
#1 C:\xampp\htdocs\mikpos\system\HTTP\Request.php(430): filter_var(2, 519, NULL)
#2 C:\xampp\htdocs\mikpos\system\HTTP\Request.php(298): CodeIgniter\HTTP\Request->fetchGlobal('server', 'argc', 519, NULL)
#3 C:\xampp\htdocs\mikpos\system\HTTP\CLIRequest.php(218): CodeIgniter\HTTP\Request->getServer('argc', 519)
#4 C:\xampp\htdocs\mikpos\system\HTTP\CLIRequest.php(96): CodeIgniter\HTTP\CLIRequest->parseCommand()
#5 C:\xampp\htdocs\mikpos\system\Config\Services.php(149): CodeIgniter\HTTP\CLIRequest->__construct(Object(Config\App))
#6 C:\xampp\htdocs\mikpos\system\Config\BaseService.php(123): CodeIgniter\Config\Services::clirequest(Object(Config\App), false)
#7 C:\xampp\htdocs\mikpos\system\Config\Services.php(141): CodeIgniter\Config\BaseService::getSharedInstance('clirequest', Object(Config\App))
#8 C:\xampp\htdocs\mikpos\system\CodeIgniter.php(555): CodeIgniter\Config\Services::clirequest(Object(Config\App))
#9 C:\xampp\htdocs\mikpos\system\CodeIgniter.php(280): CodeIgniter\CodeIgniter->getRequestObject()
#10 C:\xampp\htdocs\mikpos\system\CLI\Console.php(86): CodeIgniter\CodeIgniter->run()
#11 C:\xampp\htdocs\mikpos\spark(57): CodeIgniter\CLI\Console->run()
#12 {main}
CRITICAL - 2025-03-01 18:10:57 --> filter_var(): Passing null to parameter #3 ($options) of type array|int is deprecated
#0 [internal function]: CodeIgniter\Debug\Exceptions->errorHandler(8192, 'filter_var(): P...', 'C:\\xampp\\htdocs...', 430)
#1 C:\xampp\htdocs\mikpos\system\HTTP\Request.php(430): filter_var(2, 519, NULL)
#2 C:\xampp\htdocs\mikpos\system\HTTP\Request.php(298): CodeIgniter\HTTP\Request->fetchGlobal('server', 'argc', 519, NULL)
#3 C:\xampp\htdocs\mikpos\system\HTTP\CLIRequest.php(218): CodeIgniter\HTTP\Request->getServer('argc', 519)
#4 C:\xampp\htdocs\mikpos\system\HTTP\CLIRequest.php(96): CodeIgniter\HTTP\CLIRequest->parseCommand()
#5 C:\xampp\htdocs\mikpos\system\Config\Services.php(149): CodeIgniter\HTTP\CLIRequest->__construct(Object(Config\App))
#6 C:\xampp\htdocs\mikpos\system\Config\BaseService.php(123): CodeIgniter\Config\Services::clirequest(Object(Config\App), false)
#7 C:\xampp\htdocs\mikpos\system\Config\Services.php(141): CodeIgniter\Config\BaseService::getSharedInstance('clirequest', Object(Config\App))
#8 C:\xampp\htdocs\mikpos\system\CodeIgniter.php(555): CodeIgniter\Config\Services::clirequest(Object(Config\App))
#9 C:\xampp\htdocs\mikpos\system\CodeIgniter.php(280): CodeIgniter\CodeIgniter->getRequestObject()
#10 C:\xampp\htdocs\mikpos\system\CLI\Console.php(86): CodeIgniter\CodeIgniter->run()
#11 C:\xampp\htdocs\mikpos\spark(57): CodeIgniter\CLI\Console->run()
#12 {main}
CRITICAL - 2025-03-01 18:14:30 --> Undefined variable $which
#0 C:\xampp\htdocs\mikpos\system\HTTP\Request.php(429): CodeIgniter\Debug\Exceptions->errorHandler(2, 'Undefined varia...', 'C:\\xampp\\htdocs...', 429)
#1 C:\xampp\htdocs\mikpos\system\HTTP\Request.php(298): CodeIgniter\HTTP\Request->fetchGlobal('server', 'argc', 519, NULL)
#2 C:\xampp\htdocs\mikpos\system\HTTP\CLIRequest.php(218): CodeIgniter\HTTP\Request->getServer('argc', 519)
#3 C:\xampp\htdocs\mikpos\system\HTTP\CLIRequest.php(96): CodeIgniter\HTTP\CLIRequest->parseCommand()
#4 C:\xampp\htdocs\mikpos\system\Config\Services.php(149): CodeIgniter\HTTP\CLIRequest->__construct(Object(Config\App))
#5 C:\xampp\htdocs\mikpos\system\Config\BaseService.php(123): CodeIgniter\Config\Services::clirequest(Object(Config\App), false)
#6 C:\xampp\htdocs\mikpos\system\Config\Services.php(141): CodeIgniter\Config\BaseService::getSharedInstance('clirequest', Object(Config\App))
#7 C:\xampp\htdocs\mikpos\system\CodeIgniter.php(555): CodeIgniter\Config\Services::clirequest(Object(Config\App))
#8 C:\xampp\htdocs\mikpos\system\CodeIgniter.php(280): CodeIgniter\CodeIgniter->getRequestObject()
#9 C:\xampp\htdocs\mikpos\system\CLI\Console.php(86): CodeIgniter\CodeIgniter->run()
#10 C:\xampp\htdocs\mikpos\spark(57): CodeIgniter\CLI\Console->run()
#11 {main}
CRITICAL - 2025-03-01 18:16:25 --> Access to undeclared static property CodeIgniter\HTTP\Request::$isValidIPPatched
#0 C:\xampp\htdocs\mikpos\system\Events\Events.php(121): include()
#1 C:\xampp\htdocs\mikpos\system\Events\Events.php(179): CodeIgniter\Events\Events::initialize()
#2 C:\xampp\htdocs\mikpos\system\CodeIgniter.php(287): CodeIgniter\Events\Events::trigger('pre_system')
#3 C:\xampp\htdocs\mikpos\public\index.php(45): CodeIgniter\CodeIgniter->run()
#4 {main}
CRITICAL - 2025-03-01 18:16:25 --> Uncaught ErrorException: Undefined variable $which in C:\xampp\htdocs\mikpos\system\HTTP\Request.php:429
Stack trace:
#0 C:\xampp\htdocs\mikpos\system\HTTP\Request.php(429): CodeIgniter\Debug\Exceptions->errorHandler(2, 'Undefined varia...', 'C:\\xampp\\htdocs...', 429)
#1 C:\xampp\htdocs\mikpos\system\HTTP\Request.php(298): CodeIgniter\HTTP\Request->fetchGlobal('server', 'REMOTE_ADDR', 516, NULL)
#2 C:\xampp\htdocs\mikpos\system\HTTP\Request.php(115): CodeIgniter\HTTP\Request->getServer('REMOTE_ADDR')
#3 C:\xampp\htdocs\mikpos\app\Views\errors\html\error_exception.php(213): CodeIgniter\HTTP\Request->getIPAddress()
#4 C:\xampp\htdocs\mikpos\system\Debug\Exceptions.php(298): include('C:\\xampp\\htdocs...')
#5 C:\xampp\htdocs\mikpos\system\Debug\Exceptions.php(171): CodeIgniter\Debug\Exceptions->render(Object(Error), 500)
#6 [internal function]: CodeIgniter\Debug\Exceptions->exceptionHandler(Object(Error))
#7 {main}
  thrown
#0 [internal function]: CodeIgniter\Debug\Exceptions->shutdownHandler()
#1 {main}
CRITICAL - 2025-03-01 18:16:38 --> Access to undeclared static property CodeIgniter\HTTP\Request::$isValidIPPatched
#0 C:\xampp\htdocs\mikpos\system\Events\Events.php(121): include()
#1 C:\xampp\htdocs\mikpos\system\Events\Events.php(179): CodeIgniter\Events\Events::initialize()
#2 C:\xampp\htdocs\mikpos\system\CodeIgniter.php(287): CodeIgniter\Events\Events::trigger('pre_system')
#3 C:\xampp\htdocs\mikpos\public\index.php(45): CodeIgniter\CodeIgniter->run()
#4 {main}
CRITICAL - 2025-03-01 18:50:26 --> filter_var(): Passing null to parameter #3 ($options) of type array|int is deprecated
#0 [internal function]: CodeIgniter\Debug\Exceptions->errorHandler(8192, 'filter_var(): P...', 'C:\\xampp\\htdocs...', 430)
#1 C:\xampp\htdocs\mikpos\system\HTTP\Request.php(430): filter_var(2, 519, NULL)
#2 C:\xampp\htdocs\mikpos\system\HTTP\Request.php(298): CodeIgniter\HTTP\Request->fetchGlobal('server', 'argc', 519, NULL)
#3 C:\xampp\htdocs\mikpos\system\HTTP\CLIRequest.php(218): CodeIgniter\HTTP\Request->getServer('argc', 519)
#4 C:\xampp\htdocs\mikpos\system\HTTP\CLIRequest.php(96): CodeIgniter\HTTP\CLIRequest->parseCommand()
#5 C:\xampp\htdocs\mikpos\system\Config\Services.php(149): CodeIgniter\HTTP\CLIRequest->__construct(Object(Config\App))
#6 C:\xampp\htdocs\mikpos\system\Config\BaseService.php(123): CodeIgniter\Config\Services::clirequest(Object(Config\App), false)
#7 C:\xampp\htdocs\mikpos\system\Config\Services.php(141): CodeIgniter\Config\BaseService::getSharedInstance('clirequest', Object(Config\App))
#8 C:\xampp\htdocs\mikpos\system\CodeIgniter.php(555): CodeIgniter\Config\Services::clirequest(Object(Config\App))
#9 C:\xampp\htdocs\mikpos\system\CodeIgniter.php(280): CodeIgniter\CodeIgniter->getRequestObject()
#10 C:\xampp\htdocs\mikpos\system\CLI\Console.php(86): CodeIgniter\CodeIgniter->run()
#11 C:\xampp\htdocs\mikpos\spark(57): CodeIgniter\CLI\Console->run()
#12 {main}
CRITICAL - 2025-03-01 18:51:05 --> filter_var(): Passing null to parameter #3 ($options) of type array|int is deprecated
#0 [internal function]: CodeIgniter\Debug\Exceptions->errorHandler(8192, 'filter_var(): P...', 'C:\\xampp\\htdocs...', 430)
#1 C:\xampp\htdocs\mikpos\system\HTTP\Request.php(430): filter_var(2, 519, NULL)
#2 C:\xampp\htdocs\mikpos\system\HTTP\Request.php(298): CodeIgniter\HTTP\Request->fetchGlobal('server', 'argc', 519, NULL)
#3 C:\xampp\htdocs\mikpos\system\HTTP\CLIRequest.php(218): CodeIgniter\HTTP\Request->getServer('argc', 519)
#4 C:\xampp\htdocs\mikpos\system\HTTP\CLIRequest.php(96): CodeIgniter\HTTP\CLIRequest->parseCommand()
#5 C:\xampp\htdocs\mikpos\system\Config\Services.php(149): CodeIgniter\HTTP\CLIRequest->__construct(Object(Config\App))
#6 C:\xampp\htdocs\mikpos\system\Config\BaseService.php(123): CodeIgniter\Config\Services::clirequest(Object(Config\App), false)
#7 C:\xampp\htdocs\mikpos\system\Config\Services.php(141): CodeIgniter\Config\BaseService::getSharedInstance('clirequest', Object(Config\App))
#8 C:\xampp\htdocs\mikpos\system\CodeIgniter.php(555): CodeIgniter\Config\Services::clirequest(Object(Config\App))
#9 C:\xampp\htdocs\mikpos\system\CodeIgniter.php(280): CodeIgniter\CodeIgniter->getRequestObject()
#10 C:\xampp\htdocs\mikpos\system\CLI\Console.php(86): CodeIgniter\CodeIgniter->run()
#11 C:\xampp\htdocs\mikpos\spark(57): CodeIgniter\CLI\Console->run()
#12 {main}
CRITICAL - 2025-03-01 18:51:56 --> filter_var(): Passing null to parameter #3 ($options) of type array|int is deprecated
#0 [internal function]: CodeIgniter\Debug\Exceptions->errorHandler(8192, 'filter_var(): P...', 'C:\\xampp\\htdocs...', 430)
#1 C:\xampp\htdocs\mikpos\system\HTTP\Request.php(430): filter_var(2, 519, NULL)
#2 C:\xampp\htdocs\mikpos\system\HTTP\Request.php(298): CodeIgniter\HTTP\Request->fetchGlobal('server', 'argc', 519, NULL)
#3 C:\xampp\htdocs\mikpos\system\HTTP\CLIRequest.php(218): CodeIgniter\HTTP\Request->getServer('argc', 519)
#4 C:\xampp\htdocs\mikpos\system\HTTP\CLIRequest.php(96): CodeIgniter\HTTP\CLIRequest->parseCommand()
#5 C:\xampp\htdocs\mikpos\system\Config\Services.php(149): CodeIgniter\HTTP\CLIRequest->__construct(Object(Config\App))
#6 C:\xampp\htdocs\mikpos\system\Config\BaseService.php(123): CodeIgniter\Config\Services::clirequest(Object(Config\App), false)
#7 C:\xampp\htdocs\mikpos\system\Config\Services.php(141): CodeIgniter\Config\BaseService::getSharedInstance('clirequest', Object(Config\App))
#8 C:\xampp\htdocs\mikpos\system\CodeIgniter.php(555): CodeIgniter\Config\Services::clirequest(Object(Config\App))
#9 C:\xampp\htdocs\mikpos\system\CodeIgniter.php(280): CodeIgniter\CodeIgniter->getRequestObject()
#10 C:\xampp\htdocs\mikpos\system\CLI\Console.php(86): CodeIgniter\CodeIgniter->run()
#11 C:\xampp\htdocs\mikpos\spark(57): CodeIgniter\CLI\Console->run()
#12 {main}
CRITICAL - 2025-03-01 19:01:23 --> filter_var(): Passing null to parameter #3 ($options) of type array|int is deprecated
#0 [internal function]: CodeIgniter\Debug\Exceptions->errorHandler(8192, 'filter_var(): P...', 'C:\\xampp\\htdocs...', 430)
#1 C:\xampp\htdocs\mikpos\system\HTTP\Request.php(430): filter_var(2, 519, NULL)
#2 C:\xampp\htdocs\mikpos\system\HTTP\Request.php(298): CodeIgniter\HTTP\Request->fetchGlobal('server', 'argc', 519, NULL)
#3 C:\xampp\htdocs\mikpos\system\HTTP\CLIRequest.php(218): CodeIgniter\HTTP\Request->getServer('argc', 519)
#4 C:\xampp\htdocs\mikpos\system\HTTP\CLIRequest.php(96): CodeIgniter\HTTP\CLIRequest->parseCommand()
#5 C:\xampp\htdocs\mikpos\system\Config\Services.php(149): CodeIgniter\HTTP\CLIRequest->__construct(Object(Config\App))
#6 C:\xampp\htdocs\mikpos\system\Config\BaseService.php(123): CodeIgniter\Config\Services::clirequest(Object(Config\App), false)
#7 C:\xampp\htdocs\mikpos\system\Config\Services.php(141): CodeIgniter\Config\BaseService::getSharedInstance('clirequest', Object(Config\App))
#8 C:\xampp\htdocs\mikpos\system\CodeIgniter.php(555): CodeIgniter\Config\Services::clirequest(Object(Config\App))
#9 C:\xampp\htdocs\mikpos\system\CodeIgniter.php(280): CodeIgniter\CodeIgniter->getRequestObject()
#10 C:\xampp\htdocs\mikpos\system\CLI\Console.php(86): CodeIgniter\CodeIgniter->run()
#11 C:\xampp\htdocs\mikpos\spark(57): CodeIgniter\CLI\Console->run()
#12 {main}
CRITICAL - 2025-03-01 19:12:06 --> Constant FILTER_SANITIZE_STRING is deprecated
#0 C:\xampp\htdocs\mikpos\system\HTTP\CLIRequest.php(228): CodeIgniter\Debug\Exceptions->errorHandler(8192, 'Constant FILTER...', 'C:\\xampp\\htdocs...', 228)
#1 C:\xampp\htdocs\mikpos\system\HTTP\CLIRequest.php(96): CodeIgniter\HTTP\CLIRequest->parseCommand()
#2 C:\xampp\htdocs\mikpos\system\Config\Services.php(149): CodeIgniter\HTTP\CLIRequest->__construct(Object(Config\App))
#3 C:\xampp\htdocs\mikpos\system\Config\BaseService.php(123): CodeIgniter\Config\Services::clirequest(Object(Config\App), false)
#4 C:\xampp\htdocs\mikpos\system\Config\Services.php(141): CodeIgniter\Config\BaseService::getSharedInstance('clirequest', Object(Config\App))
#5 C:\xampp\htdocs\mikpos\system\CodeIgniter.php(555): CodeIgniter\Config\Services::clirequest(Object(Config\App))
#6 C:\xampp\htdocs\mikpos\system\CodeIgniter.php(280): CodeIgniter\CodeIgniter->getRequestObject()
#7 C:\xampp\htdocs\mikpos\system\CLI\Console.php(86): CodeIgniter\CodeIgniter->run()
#8 C:\xampp\htdocs\mikpos\spark(57): CodeIgniter\CLI\Console->run()
#9 {main}
CRITICAL - 2025-03-01 19:23:59 --> Unclosed '{' on line 59
#0 C:\xampp\htdocs\mikpos\system\Autoloader\Autoloader.php(296): CodeIgniter\Autoloader\Autoloader->requireFile('C:\\xampp\\htdocs...')
#1 C:\xampp\htdocs\mikpos\system\Autoloader\Autoloader.php(258): CodeIgniter\Autoloader\Autoloader->loadInNamespace('CodeIgniter\\HTT...')
#2 C:\xampp\htdocs\mikpos\system\Config\Services.php(149): CodeIgniter\Autoloader\Autoloader->loadClass('CodeIgniter\\HTT...')
#3 C:\xampp\htdocs\mikpos\system\Config\BaseService.php(123): CodeIgniter\Config\Services::clirequest(Object(Config\App), false)
#4 C:\xampp\htdocs\mikpos\system\Config\Services.php(141): CodeIgniter\Config\BaseService::getSharedInstance('clirequest', Object(Config\App))
#5 C:\xampp\htdocs\mikpos\system\CodeIgniter.php(555): CodeIgniter\Config\Services::clirequest(Object(Config\App))
#6 C:\xampp\htdocs\mikpos\system\CodeIgniter.php(280): CodeIgniter\CodeIgniter->getRequestObject()
#7 C:\xampp\htdocs\mikpos\system\CLI\Console.php(86): CodeIgniter\CodeIgniter->run()
#8 C:\xampp\htdocs\mikpos\spark(57): CodeIgniter\CLI\Console->run()
#9 {main}
CRITICAL - 2025-03-01 19:29:00 --> Constant FILTER_SANITIZE_STRING is deprecated
#0 C:\xampp\htdocs\mikpos\system\HTTP\CLIRequest.php(229): CodeIgniter\Debug\Exceptions->errorHandler(8192, 'Constant FILTER...', 'C:\\xampp\\htdocs...', 229)
#1 C:\xampp\htdocs\mikpos\system\HTTP\CLIRequest.php(96): CodeIgniter\HTTP\CLIRequest->parseCommand()
#2 C:\xampp\htdocs\mikpos\system\Config\Services.php(149): CodeIgniter\HTTP\CLIRequest->__construct(Object(Config\App))
#3 C:\xampp\htdocs\mikpos\system\Config\BaseService.php(123): CodeIgniter\Config\Services::clirequest(Object(Config\App), false)
#4 C:\xampp\htdocs\mikpos\system\Config\Services.php(141): CodeIgniter\Config\BaseService::getSharedInstance('clirequest', Object(Config\App))
#5 C:\xampp\htdocs\mikpos\system\CodeIgniter.php(555): CodeIgniter\Config\Services::clirequest(Object(Config\App))
#6 C:\xampp\htdocs\mikpos\system\CodeIgniter.php(280): CodeIgniter\CodeIgniter->getRequestObject()
#7 C:\xampp\htdocs\mikpos\system\CLI\Console.php(86): CodeIgniter\CodeIgniter->run()
#8 C:\xampp\htdocs\mikpos\spark(57): CodeIgniter\CLI\Console->run()
#9 {main}
CRITICAL - 2025-03-01 19:31:39 --> Optional parameter $verbs declared before required parameter $to is implicitly treated as a required parameter
#0 C:\xampp\htdocs\mikpos\system\Autoloader\Autoloader.php(365): CodeIgniter\Debug\Exceptions->errorHandler(8192, 'Optional parame...', 'C:\\xampp\\htdocs...', 1018)
#1 C:\xampp\htdocs\mikpos\system\Autoloader\Autoloader.php(365): require_once()
#2 C:\xampp\htdocs\mikpos\system\Autoloader\Autoloader.php(296): CodeIgniter\Autoloader\Autoloader->requireFile('C:\\xampp\\htdocs...')
#3 C:\xampp\htdocs\mikpos\system\Autoloader\Autoloader.php(258): CodeIgniter\Autoloader\Autoloader->loadInNamespace('CodeIgniter\\Rou...')
#4 C:\xampp\htdocs\mikpos\system\Config\Services.php(684): CodeIgniter\Autoloader\Autoloader->loadClass('CodeIgniter\\Rou...')
#5 C:\xampp\htdocs\mikpos\system\Config\BaseService.php(123): CodeIgniter\Config\Services::routes(false)
#6 C:\xampp\htdocs\mikpos\system\Config\Services.php(681): CodeIgniter\Config\BaseService::getSharedInstance('routes')
#7 C:\xampp\htdocs\mikpos\app\Config\Routes.php(4): CodeIgniter\Config\Services::routes(true)
#8 C:\xampp\htdocs\mikpos\system\CodeIgniter.php(772): require('C:\\xampp\\htdocs...')
#9 C:\xampp\htdocs\mikpos\system\CodeIgniter.php(358): CodeIgniter\CodeIgniter->tryToRouteIt(NULL)
#10 C:\xampp\htdocs\mikpos\system\CodeIgniter.php(306): CodeIgniter\CodeIgniter->handleRequest(NULL, Object(Config\Cache), false)
#11 C:\xampp\htdocs\mikpos\system\CLI\Console.php(86): CodeIgniter\CodeIgniter->run()
#12 C:\xampp\htdocs\mikpos\spark(57): CodeIgniter\CLI\Console->run()
#13 {main}
CRITICAL - 2025-03-01 19:38:02 --> Optional parameter $verbs declared before required parameter $to is implicitly treated as a required parameter
#0 C:\xampp\htdocs\mikpos\system\Autoloader\Autoloader.php(365): CodeIgniter\Debug\Exceptions->errorHandler(8192, 'Optional parame...', 'C:\\xampp\\htdocs...', 1018)
#1 C:\xampp\htdocs\mikpos\system\Autoloader\Autoloader.php(365): require_once()
#2 C:\xampp\htdocs\mikpos\system\Autoloader\Autoloader.php(296): CodeIgniter\Autoloader\Autoloader->requireFile('C:\\xampp\\htdocs...')
#3 C:\xampp\htdocs\mikpos\system\Autoloader\Autoloader.php(258): CodeIgniter\Autoloader\Autoloader->loadInNamespace('CodeIgniter\\Rou...')
#4 C:\xampp\htdocs\mikpos\system\Config\Services.php(684): CodeIgniter\Autoloader\Autoloader->loadClass('CodeIgniter\\Rou...')
#5 C:\xampp\htdocs\mikpos\system\Config\BaseService.php(123): CodeIgniter\Config\Services::routes(false)
#6 C:\xampp\htdocs\mikpos\system\Config\Services.php(681): CodeIgniter\Config\BaseService::getSharedInstance('routes')
#7 C:\xampp\htdocs\mikpos\app\Config\Routes.php(4): CodeIgniter\Config\Services::routes(true)
#8 C:\xampp\htdocs\mikpos\system\CodeIgniter.php(772): require('C:\\xampp\\htdocs...')
#9 C:\xampp\htdocs\mikpos\system\CodeIgniter.php(358): CodeIgniter\CodeIgniter->tryToRouteIt(NULL)
#10 C:\xampp\htdocs\mikpos\system\CodeIgniter.php(306): CodeIgniter\CodeIgniter->handleRequest(NULL, Object(Config\Cache), false)
#11 C:\xampp\htdocs\mikpos\system\CLI\Console.php(86): CodeIgniter\CodeIgniter->run()
#12 C:\xampp\htdocs\mikpos\spark(57): CodeIgniter\CLI\Console->run()
#13 {main}
CRITICAL - 2025-03-01 19:39:26 --> Constant FILTER_SANITIZE_STRING is deprecated
#0 C:\xampp\htdocs\mikpos\system\Router\RouteCollection.php(1365): CodeIgniter\Debug\Exceptions->errorHandler(8192, 'Constant FILTER...', 'C:\\xampp\\htdocs...', 1365)
#1 C:\xampp\htdocs\mikpos\system\Router\RouteCollection.php(631): CodeIgniter\Router\RouteCollection->create('*', 'basecontroller(...', Object(Closure), NULL)
#2 C:\xampp\htdocs\mikpos\system\Config\Routes.php(51): CodeIgniter\Router\RouteCollection->add('basecontroller(...', Object(Closure))
#3 C:\xampp\htdocs\mikpos\app\Config\Routes.php(10): require('C:\\xampp\\htdocs...')
#4 C:\xampp\htdocs\mikpos\system\CodeIgniter.php(772): require('C:\\xampp\\htdocs...')
#5 C:\xampp\htdocs\mikpos\system\CodeIgniter.php(358): CodeIgniter\CodeIgniter->tryToRouteIt(Object(CodeIgniter\Router\RouteCollection))
#6 C:\xampp\htdocs\mikpos\system\CodeIgniter.php(306): CodeIgniter\CodeIgniter->handleRequest(NULL, Object(Config\Cache), false)
#7 C:\xampp\htdocs\mikpos\system\CLI\Console.php(86): CodeIgniter\CodeIgniter->run()
#8 C:\xampp\htdocs\mikpos\spark(57): CodeIgniter\CLI\Console->run()
#9 {main}
CRITICAL - 2025-03-01 19:41:14 --> Constant FILTER_SANITIZE_STRING is deprecated
#0 C:\xampp\htdocs\mikpos\system\Router\RouteCollection.php(315): CodeIgniter\Debug\Exceptions->errorHandler(8192, 'Constant FILTER...', 'C:\\xampp\\htdocs...', 315)
#1 C:\xampp\htdocs\mikpos\app\Config\Routes.php(121): CodeIgniter\Router\RouteCollection->setDefaultMethod('index')
#2 C:\xampp\htdocs\mikpos\system\CodeIgniter.php(772): require('C:\\xampp\\htdocs...')
#3 C:\xampp\htdocs\mikpos\system\CodeIgniter.php(358): CodeIgniter\CodeIgniter->tryToRouteIt(Object(CodeIgniter\Router\RouteCollection))
#4 C:\xampp\htdocs\mikpos\system\CodeIgniter.php(306): CodeIgniter\CodeIgniter->handleRequest(NULL, Object(Config\Cache), false)
#5 C:\xampp\htdocs\mikpos\system\CLI\Console.php(86): CodeIgniter\CodeIgniter->run()
#6 C:\xampp\htdocs\mikpos\spark(57): CodeIgniter\CLI\Console->run()
#7 {main}
CRITICAL - 2025-03-01 19:41:40 --> CodeIgniter\Router\RouteCollection::setDefaultMethod(): Return value must be of type CodeIgniter\Router\RouteCollectionInterface, none returned
#0 C:\xampp\htdocs\mikpos\app\Config\Routes.php(121): CodeIgniter\Router\RouteCollection->setDefaultMethod('index')
#1 C:\xampp\htdocs\mikpos\system\CodeIgniter.php(772): require('C:\\xampp\\htdocs...')
#2 C:\xampp\htdocs\mikpos\system\CodeIgniter.php(358): CodeIgniter\CodeIgniter->tryToRouteIt(Object(CodeIgniter\Router\RouteCollection))
#3 C:\xampp\htdocs\mikpos\system\CodeIgniter.php(306): CodeIgniter\CodeIgniter->handleRequest(NULL, Object(Config\Cache), false)
#4 C:\xampp\htdocs\mikpos\system\CLI\Console.php(86): CodeIgniter\CodeIgniter->run()
#5 C:\xampp\htdocs\mikpos\spark(57): CodeIgniter\CLI\Console->run()
#6 {main}
INFO - 2025-03-01 19:43:18 --> Controller "CodeIgniter\CLI\CommandRunner" loaded.
CRITICAL - 2025-03-01 19:43:18 --> Optional parameter $params declared before required parameter $alias is implicitly treated as a required parameter
#0 C:\xampp\htdocs\mikpos\system\Autoloader\Autoloader.php(365): CodeIgniter\Debug\Exceptions->errorHandler(8192, 'Optional parame...', 'C:\\xampp\\htdocs...', 73)
#1 C:\xampp\htdocs\mikpos\system\Autoloader\Autoloader.php(365): require_once()
#2 C:\xampp\htdocs\mikpos\system\Autoloader\Autoloader.php(296): CodeIgniter\Autoloader\Autoloader->requireFile('C:\\xampp\\htdocs...')
#3 C:\xampp\htdocs\mikpos\system\Autoloader\Autoloader.php(258): CodeIgniter\Autoloader\Autoloader->loadInNamespace('CodeIgniter\\Dat...')
#4 C:\xampp\htdocs\mikpos\system\Database\Config.php(195): CodeIgniter\Autoloader\Autoloader->loadClass('CodeIgniter\\Dat...')
#5 C:\xampp\htdocs\mikpos\system\Database\Config.php(108): CodeIgniter\Database\Config::ensureFactory()
#6 C:\xampp\htdocs\mikpos\system\Common.php(234): CodeIgniter\Database\Config::connect('default', true)
#7 C:\xampp\htdocs\mikpos\system\Database\MigrationRunner.php(176): db_connect(NULL)
#8 C:\xampp\htdocs\mikpos\system\Config\Services.php(455): CodeIgniter\Database\MigrationRunner->__construct(NULL, NULL)
#9 C:\xampp\htdocs\mikpos\system\Config\BaseService.php(123): CodeIgniter\Config\Services::migrations(Object(Config\Migrations), NULL, false)
#10 C:\xampp\htdocs\mikpos\system\Config\Services.php(450): CodeIgniter\Config\BaseService::getSharedInstance('migrations', NULL, NULL)
#11 C:\xampp\htdocs\mikpos\system\Commands\Database\Migrate.php(107): CodeIgniter\Config\Services::migrations()
#12 C:\xampp\htdocs\mikpos\system\CLI\CommandRunner.php(137): CodeIgniter\Commands\Database\Migrate->run(Array)
#13 C:\xampp\htdocs\mikpos\system\CLI\CommandRunner.php(110): CodeIgniter\CLI\CommandRunner->runCommand('migrate', Array)
#14 C:\xampp\htdocs\mikpos\system\CLI\CommandRunner.php(86): CodeIgniter\CLI\CommandRunner->index(Array)
#15 C:\xampp\htdocs\mikpos\system\CodeIgniter.php(906): CodeIgniter\CLI\CommandRunner->_remap('index', 'migrate')
#16 C:\xampp\htdocs\mikpos\system\CodeIgniter.php(398): CodeIgniter\CodeIgniter->runController(Object(CodeIgniter\CLI\CommandRunner))
#17 C:\xampp\htdocs\mikpos\system\CodeIgniter.php(306): CodeIgniter\CodeIgniter->handleRequest(NULL, Object(Config\Cache), false)
#18 C:\xampp\htdocs\mikpos\system\CLI\Console.php(86): CodeIgniter\CodeIgniter->run()
#19 C:\xampp\htdocs\mikpos\spark(57): CodeIgniter\CLI\Console->run()
#20 {main}
INFO - 2025-03-01 19:46:53 --> Controller "CodeIgniter\CLI\CommandRunner" loaded.
INFO - 2025-03-01 19:47:53 --> Controller "CodeIgniter\CLI\CommandRunner" loaded.
INFO - 2025-03-01 19:48:57 --> Controller "CodeIgniter\CLI\CommandRunner" loaded.
CRITICAL - 2025-03-01 20:00:14 --> Constant FILTER_SANITIZE_STRING is deprecated
#0 C:\xampp\htdocs\mikpos\system\Router\RouteCollection.php(280): CodeIgniter\Debug\Exceptions->errorHandler(8192, 'Constant FILTER...', 'C:\\xampp\\htdocs...', 280)
#1 C:\xampp\htdocs\mikpos\app\Config\Routes.php(13): CodeIgniter\Router\RouteCollection->setDefaultNamespace('App\\Controllers...')
#2 C:\xampp\htdocs\mikpos\system\CodeIgniter.php(772): require('C:\\xampp\\htdocs...')
#3 C:\xampp\htdocs\mikpos\system\CodeIgniter.php(358): CodeIgniter\CodeIgniter->tryToRouteIt(Object(CodeIgniter\Router\RouteCollection))
#4 C:\xampp\htdocs\mikpos\system\CodeIgniter.php(306): CodeIgniter\CodeIgniter->handleRequest(NULL, Object(Config\Cache), false)
#5 C:\xampp\htdocs\mikpos\system\CLI\Console.php(86): CodeIgniter\CodeIgniter->run()
#6 C:\xampp\htdocs\mikpos\spark(57): CodeIgniter\CLI\Console->run()
#7 {main}
CRITICAL - 2025-03-01 20:01:32 --> Constant FILTER_SANITIZE_STRING is deprecated
#0 C:\xampp\htdocs\mikpos\system\Router\RouteCollection.php(300): CodeIgniter\Debug\Exceptions->errorHandler(8192, 'Constant FILTER...', 'C:\\xampp\\htdocs...', 300)
#1 C:\xampp\htdocs\mikpos\app\Config\Routes.php(14): CodeIgniter\Router\RouteCollection->setDefaultController('DashboardContro...')
#2 C:\xampp\htdocs\mikpos\system\CodeIgniter.php(772): require('C:\\xampp\\htdocs...')
#3 C:\xampp\htdocs\mikpos\system\CodeIgniter.php(358): CodeIgniter\CodeIgniter->tryToRouteIt(Object(CodeIgniter\Router\RouteCollection))
#4 C:\xampp\htdocs\mikpos\system\CodeIgniter.php(306): CodeIgniter\CodeIgniter->handleRequest(NULL, Object(Config\Cache), false)
#5 C:\xampp\htdocs\mikpos\system\CLI\Console.php(86): CodeIgniter\CodeIgniter->run()
#6 C:\xampp\htdocs\mikpos\spark(57): CodeIgniter\CLI\Console->run()
#7 {main}
INFO - 2025-03-01 20:01:45 --> Controller "CodeIgniter\CLI\CommandRunner" loaded.
INFO - 2025-03-01 20:01:52 --> Controller "CodeIgniter\CLI\CommandRunner" loaded.
INFO - 2025-03-01 20:02:10 --> Controller "CodeIgniter\CLI\CommandRunner" loaded.
CRITICAL - 2025-03-01 20:06:27 --> syntax error, unexpected identifier "ublic", expecting "function" or "const"
#0 C:\xampp\htdocs\mikpos\system\Autoloader\Autoloader.php(296): CodeIgniter\Autoloader\Autoloader->requireFile('C:\\xampp\\htdocs...')
#1 C:\xampp\htdocs\mikpos\system\Autoloader\Autoloader.php(258): CodeIgniter\Autoloader\Autoloader->loadInNamespace('App\\Controllers...')
#2 [internal function]: CodeIgniter\Autoloader\Autoloader->loadClass('App\\Controllers...')
#3 C:\xampp\htdocs\mikpos\system\CodeIgniter.php(861): class_exists('\\App\\Controller...', true)
#4 C:\xampp\htdocs\mikpos\system\CodeIgniter.php(388): CodeIgniter\CodeIgniter->startController()
#5 C:\xampp\htdocs\mikpos\system\CodeIgniter.php(306): CodeIgniter\CodeIgniter->handleRequest(NULL, Object(Config\Cache), false)
#6 C:\xampp\htdocs\mikpos\public\index.php(45): CodeIgniter\CodeIgniter->run()
#7 C:\xampp\htdocs\mikpos\vendor\codeigniter4\framework\system\rewrite.php(44): require_once('C:\\xampp\\htdocs...')
#8 {main}
CRITICAL - 2025-03-01 20:17:07 --> syntax error, unexpected token "public", expecting end of file
#0 C:\xampp\htdocs\mikpos\system\Autoloader\Autoloader.php(296): CodeIgniter\Autoloader\Autoloader->requireFile('C:\\xampp\\htdocs...')
#1 C:\xampp\htdocs\mikpos\system\Autoloader\Autoloader.php(258): CodeIgniter\Autoloader\Autoloader->loadInNamespace('App\\Controllers...')
#2 [internal function]: CodeIgniter\Autoloader\Autoloader->loadClass('App\\Controllers...')
#3 C:\xampp\htdocs\mikpos\system\CodeIgniter.php(861): class_exists('\\App\\Controller...', true)
#4 C:\xampp\htdocs\mikpos\system\CodeIgniter.php(388): CodeIgniter\CodeIgniter->startController()
#5 C:\xampp\htdocs\mikpos\system\CodeIgniter.php(306): CodeIgniter\CodeIgniter->handleRequest(NULL, Object(Config\Cache), false)
#6 C:\xampp\htdocs\mikpos\public\index.php(45): CodeIgniter\CodeIgniter->run()
#7 {main}
CRITICAL - 2025-03-01 20:17:30 --> syntax error, unexpected token "public", expecting end of file
#0 C:\xampp\htdocs\mikpos\system\Autoloader\Autoloader.php(296): CodeIgniter\Autoloader\Autoloader->requireFile('C:\\xampp\\htdocs...')
#1 C:\xampp\htdocs\mikpos\system\Autoloader\Autoloader.php(258): CodeIgniter\Autoloader\Autoloader->loadInNamespace('App\\Controllers...')
#2 [internal function]: CodeIgniter\Autoloader\Autoloader->loadClass('App\\Controllers...')
#3 C:\xampp\htdocs\mikpos\system\CodeIgniter.php(861): class_exists('\\App\\Controller...', true)
#4 C:\xampp\htdocs\mikpos\system\CodeIgniter.php(388): CodeIgniter\CodeIgniter->startController()
#5 C:\xampp\htdocs\mikpos\system\CodeIgniter.php(306): CodeIgniter\CodeIgniter->handleRequest(NULL, Object(Config\Cache), false)
#6 C:\xampp\htdocs\mikpos\public\index.php(45): CodeIgniter\CodeIgniter->run()
#7 {main}
CRITICAL - 2025-03-01 20:17:31 --> syntax error, unexpected token "public", expecting end of file
#0 C:\xampp\htdocs\mikpos\system\Autoloader\Autoloader.php(296): CodeIgniter\Autoloader\Autoloader->requireFile('C:\\xampp\\htdocs...')
#1 C:\xampp\htdocs\mikpos\system\Autoloader\Autoloader.php(258): CodeIgniter\Autoloader\Autoloader->loadInNamespace('App\\Controllers...')
#2 [internal function]: CodeIgniter\Autoloader\Autoloader->loadClass('App\\Controllers...')
#3 C:\xampp\htdocs\mikpos\system\CodeIgniter.php(861): class_exists('\\App\\Controller...', true)
#4 C:\xampp\htdocs\mikpos\system\CodeIgniter.php(388): CodeIgniter\CodeIgniter->startController()
#5 C:\xampp\htdocs\mikpos\system\CodeIgniter.php(306): CodeIgniter\CodeIgniter->handleRequest(NULL, Object(Config\Cache), false)
#6 C:\xampp\htdocs\mikpos\public\index.php(45): CodeIgniter\CodeIgniter->run()
#7 {main}
CRITICAL - 2025-03-01 20:18:09 --> syntax error, unexpected token "public", expecting end of file
#0 C:\xampp\htdocs\mikpos\system\Autoloader\Autoloader.php(296): CodeIgniter\Autoloader\Autoloader->requireFile('C:\\xampp\\htdocs...')
#1 C:\xampp\htdocs\mikpos\system\Autoloader\Autoloader.php(258): CodeIgniter\Autoloader\Autoloader->loadInNamespace('App\\Controllers...')
#2 [internal function]: CodeIgniter\Autoloader\Autoloader->loadClass('App\\Controllers...')
#3 C:\xampp\htdocs\mikpos\system\CodeIgniter.php(861): class_exists('\\App\\Controller...', true)
#4 C:\xampp\htdocs\mikpos\system\CodeIgniter.php(388): CodeIgniter\CodeIgniter->startController()
#5 C:\xampp\htdocs\mikpos\system\CodeIgniter.php(306): CodeIgniter\CodeIgniter->handleRequest(NULL, Object(Config\Cache), false)
#6 C:\xampp\htdocs\mikpos\public\index.php(45): CodeIgniter\CodeIgniter->run()
#7 C:\xampp\htdocs\mikpos\vendor\codeigniter4\framework\system\rewrite.php(44): require_once('C:\\xampp\\htdocs...')
#8 {main}
CRITICAL - 2025-03-01 21:55:44 --> Cannot use object of type CodeIgniter\Router\RouteCollection as array
#0 C:\xampp\htdocs\mikpos\system\CodeIgniter.php(772): require()
#1 C:\xampp\htdocs\mikpos\system\CodeIgniter.php(358): CodeIgniter\CodeIgniter->tryToRouteIt(Object(CodeIgniter\Router\RouteCollection))
#2 C:\xampp\htdocs\mikpos\system\CodeIgniter.php(306): CodeIgniter\CodeIgniter->handleRequest(NULL, Object(Config\Cache), false)
#3 C:\xampp\htdocs\mikpos\public\index.php(45): CodeIgniter\CodeIgniter->run()
#4 {main}
CRITICAL - 2025-03-01 21:55:49 --> Cannot use object of type CodeIgniter\Router\RouteCollection as array
#0 C:\xampp\htdocs\mikpos\system\CodeIgniter.php(772): require()
#1 C:\xampp\htdocs\mikpos\system\CodeIgniter.php(358): CodeIgniter\CodeIgniter->tryToRouteIt(Object(CodeIgniter\Router\RouteCollection))
#2 C:\xampp\htdocs\mikpos\system\CodeIgniter.php(306): CodeIgniter\CodeIgniter->handleRequest(NULL, Object(Config\Cache), false)
#3 C:\xampp\htdocs\mikpos\public\index.php(45): CodeIgniter\CodeIgniter->run()
#4 {main}
CRITICAL - 2025-03-01 21:56:18 --> Cannot use object of type CodeIgniter\Router\RouteCollection as array
#0 C:\xampp\htdocs\mikpos\system\CodeIgniter.php(772): require()
#1 C:\xampp\htdocs\mikpos\system\CodeIgniter.php(358): CodeIgniter\CodeIgniter->tryToRouteIt(Object(CodeIgniter\Router\RouteCollection))
#2 C:\xampp\htdocs\mikpos\system\CodeIgniter.php(306): CodeIgniter\CodeIgniter->handleRequest(NULL, Object(Config\Cache), false)
#3 C:\xampp\htdocs\mikpos\public\index.php(45): CodeIgniter\CodeIgniter->run()
#4 {main}
CRITICAL - 2025-03-01 21:56:18 --> Cannot use object of type CodeIgniter\Router\RouteCollection as array
#0 C:\xampp\htdocs\mikpos\system\CodeIgniter.php(772): require()
#1 C:\xampp\htdocs\mikpos\system\CodeIgniter.php(358): CodeIgniter\CodeIgniter->tryToRouteIt(Object(CodeIgniter\Router\RouteCollection))
#2 C:\xampp\htdocs\mikpos\system\CodeIgniter.php(306): CodeIgniter\CodeIgniter->handleRequest(NULL, Object(Config\Cache), false)
#3 C:\xampp\htdocs\mikpos\public\index.php(45): CodeIgniter\CodeIgniter->run()
#4 {main}
CRITICAL - 2025-03-01 21:56:18 --> Cannot use object of type CodeIgniter\Router\RouteCollection as array
#0 C:\xampp\htdocs\mikpos\system\CodeIgniter.php(772): require()
#1 C:\xampp\htdocs\mikpos\system\CodeIgniter.php(358): CodeIgniter\CodeIgniter->tryToRouteIt(Object(CodeIgniter\Router\RouteCollection))
#2 C:\xampp\htdocs\mikpos\system\CodeIgniter.php(306): CodeIgniter\CodeIgniter->handleRequest(NULL, Object(Config\Cache), false)
#3 C:\xampp\htdocs\mikpos\public\index.php(45): CodeIgniter\CodeIgniter->run()
#4 {main}
CRITICAL - 2025-03-01 21:56:28 --> Cannot use object of type CodeIgniter\Router\RouteCollection as array
#0 C:\xampp\htdocs\mikpos\system\CodeIgniter.php(772): require()
#1 C:\xampp\htdocs\mikpos\system\CodeIgniter.php(358): CodeIgniter\CodeIgniter->tryToRouteIt(Object(CodeIgniter\Router\RouteCollection))
#2 C:\xampp\htdocs\mikpos\system\CodeIgniter.php(306): CodeIgniter\CodeIgniter->handleRequest(NULL, Object(Config\Cache), false)
#3 C:\xampp\htdocs\mikpos\public\index.php(45): CodeIgniter\CodeIgniter->run()
#4 {main}
CRITICAL - 2025-03-01 21:57:02 --> Cannot use object of type CodeIgniter\Router\RouteCollection as array
#0 C:\xampp\htdocs\mikpos\system\CodeIgniter.php(772): require()
#1 C:\xampp\htdocs\mikpos\system\CodeIgniter.php(358): CodeIgniter\CodeIgniter->tryToRouteIt(Object(CodeIgniter\Router\RouteCollection))
#2 C:\xampp\htdocs\mikpos\system\CodeIgniter.php(306): CodeIgniter\CodeIgniter->handleRequest(NULL, Object(Config\Cache), false)
#3 C:\xampp\htdocs\mikpos\public\index.php(45): CodeIgniter\CodeIgniter->run()
#4 {main}
CRITICAL - 2025-03-01 21:57:03 --> Cannot use object of type CodeIgniter\Router\RouteCollection as array
#0 C:\xampp\htdocs\mikpos\system\CodeIgniter.php(772): require()
#1 C:\xampp\htdocs\mikpos\system\CodeIgniter.php(358): CodeIgniter\CodeIgniter->tryToRouteIt(Object(CodeIgniter\Router\RouteCollection))
#2 C:\xampp\htdocs\mikpos\system\CodeIgniter.php(306): CodeIgniter\CodeIgniter->handleRequest(NULL, Object(Config\Cache), false)
#3 C:\xampp\htdocs\mikpos\public\index.php(45): CodeIgniter\CodeIgniter->run()
#4 {main}
CRITICAL - 2025-03-01 21:57:03 --> Cannot use object of type CodeIgniter\Router\RouteCollection as array
#0 C:\xampp\htdocs\mikpos\system\CodeIgniter.php(772): require()
#1 C:\xampp\htdocs\mikpos\system\CodeIgniter.php(358): CodeIgniter\CodeIgniter->tryToRouteIt(Object(CodeIgniter\Router\RouteCollection))
#2 C:\xampp\htdocs\mikpos\system\CodeIgniter.php(306): CodeIgniter\CodeIgniter->handleRequest(NULL, Object(Config\Cache), false)
#3 C:\xampp\htdocs\mikpos\public\index.php(45): CodeIgniter\CodeIgniter->run()
#4 {main}
CRITICAL - 2025-03-01 21:57:04 --> Cannot use object of type CodeIgniter\Router\RouteCollection as array
#0 C:\xampp\htdocs\mikpos\system\CodeIgniter.php(772): require()
#1 C:\xampp\htdocs\mikpos\system\CodeIgniter.php(358): CodeIgniter\CodeIgniter->tryToRouteIt(Object(CodeIgniter\Router\RouteCollection))
#2 C:\xampp\htdocs\mikpos\system\CodeIgniter.php(306): CodeIgniter\CodeIgniter->handleRequest(NULL, Object(Config\Cache), false)
#3 C:\xampp\htdocs\mikpos\public\index.php(45): CodeIgniter\CodeIgniter->run()
#4 {main}
